pbnb_todo_working/app/build/outputs/logs/manifest-merger-debug-report.txt
-- Merging decision tree log ---
manifest
ADDED from src/main/AndroidManifest.xml:2:1-62:12
	package
		ADDED from src/main/AndroidManifest.xml:3:5-31
		INJECTED from src/main/AndroidManifest.xml
		INJECTED from src/main/AndroidManifest.xml
	android:versionName
		ADDED from src/main/AndroidManifest.xml:5:5-30
	android:permission
		ADDED from src/main/AndroidManifest.xml:6:5-67
	android:versionCode
		ADDED from src/main/AndroidManifest.xml:4:5-28
		INJECTED from src/main/AndroidManifest.xml
		INJECTED from src/main/AndroidManifest.xml
	xmlns:android
		ADDED from src/main/AndroidManifest.xml:2:11-69
uses-sdk
ADDED from src/main/AndroidManifest.xml:8:5-10:41
MERGED from [com.android.support:appcompat-v7:21.0.3] AndroidManifest.xml:15:5-42
MERGED from [com.android.support:support-v4:21.0.3] AndroidManifest.xml:15:5-42
MERGED from [com.android.support:support-v4:21.0.3] AndroidManifest.xml:15:5-42
	android:targetSdkVersion
		ADDED from src/main/AndroidManifest.xml:10:9-38
		INJECTED from src/main/AndroidManifest.xml
		INJECTED from src/main/AndroidManifest.xml
	android:minSdkVersion
		ADDED from src/main/AndroidManifest.xml:9:9-35
		INJECTED from src/main/AndroidManifest.xml
		INJECTED from src/main/AndroidManifest.xml
uses-permission#android.permission.RECEIVE_BOOT_COMPLETED
ADDED from src/main/AndroidManifest.xml:11:1-76
	android:name
		ADDED from src/main/AndroidManifest.xml:11:18-74
uses-permission#android.permission.INTERNET
ADDED from src/main/AndroidManifest.xml:12:5-66
	android:name
		ADDED from src/main/AndroidManifest.xml:12:22-64
uses-permission#android.permission.WAKE_LOCK
ADDED from src/main/AndroidManifest.xml:13:5-67
	android:name
		ADDED from src/main/AndroidManifest.xml:13:22-65
application
ADDED from src/main/AndroidManifest.xml:14:5-60:19
MERGED from [com.android.support:appcompat-v7:21.0.3] AndroidManifest.xml:16:5-19
MERGED from [com.android.support:support-v4:21.0.3] AndroidManifest.xml:16:5-19
MERGED from [com.android.support:support-v4:21.0.3] AndroidManifest.xml:16:5-19
	android:label
		ADDED from src/main/AndroidManifest.xml:17:9-41
	android:allowBackup
		ADDED from src/main/AndroidManifest.xml:15:9-35
	android:icon
		ADDED from src/main/AndroidManifest.xml:16:9-45
	android:theme
		ADDED from src/main/AndroidManifest.xml:18:9-40
activity#com.example.todo.MainActivity
ADDED from src/main/AndroidManifest.xml:19:9-28:20
	android:screenOrientation
		ADDED from src/main/AndroidManifest.xml:23:13-49
	android:label
		ADDED from src/main/AndroidManifest.xml:22:13-45
	android:configChanges
		ADDED from src/main/AndroidManifest.xml:21:13-74
	android:name
		ADDED from src/main/AndroidManifest.xml:20:13-41
intent-filter#android.intent.action.MAIN+android.intent.category.LAUNCHER
ADDED from src/main/AndroidManifest.xml:24:13-27:29
action#android.intent.action.MAIN
ADDED from src/main/AndroidManifest.xml:25:17-69
	android:name
		ADDED from src/main/AndroidManifest.xml:25:25-66
category#android.intent.category.LAUNCHER
ADDED from src/main/AndroidManifest.xml:26:17-77
	android:name
		ADDED from src/main/AndroidManifest.xml:26:27-74
activity#com.example.todo.AppUI
ADDED from src/main/AndroidManifest.xml:30:9-34:20
	android:screenOrientation
		ADDED from src/main/AndroidManifest.xml:33:13-49
	android:configChanges
		ADDED from src/main/AndroidManifest.xml:32:13-74
	android:name
		ADDED from src/main/AndroidManifest.xml:31:13-33
activity#com.example.todo.TaskUI
ADDED from src/main/AndroidManifest.xml:36:9-40:20
	android:screenOrientation
		ADDED from src/main/AndroidManifest.xml:39:13-49
	android:configChanges
		ADDED from src/main/AndroidManifest.xml:38:13-74
	android:name
		ADDED from src/main/AndroidManifest.xml:37:13-34
receiver#com.example.todo.BootReceiver
ADDED from src/main/AndroidManifest.xml:41:10-45:20
	android:name
		ADDED from src/main/AndroidManifest.xml:41:20-48
intent-filter#android.intent.action.BOOT_COMPLETED
ADDED from src/main/AndroidManifest.xml:42:13-44:29
action#android.intent.action.BOOT_COMPLETED
ADDED from src/main/AndroidManifest.xml:43:17-78
	android:name
		ADDED from src/main/AndroidManifest.xml:43:25-76
receiver#com.example.todo.ToDoReceiver
ADDED from src/main/AndroidManifest.xml:46:3-52:14
	android:enabled
		ADDED from src/main/AndroidManifest.xml:47:8-30
	android:exported
		ADDED from src/main/AndroidManifest.xml:48:7-30
	android:name
		ADDED from src/main/AndroidManifest.xml:46:13-41
intent-filter#pubnub.android.todo.MESSAGE
ADDED from src/main/AndroidManifest.xml:49:7-51:23
action#pubnub.android.todo.MESSAGE
ADDED from src/main/AndroidManifest.xml:50:11-63
	android:name
		ADDED from src/main/AndroidManifest.xml:50:19-61
service#com.example.todo.PubnubService
ADDED from src/main/AndroidManifest.xml:53:9-49
	android:name
		ADDED from src/main/AndroidManifest.xml:53:18-47
activity#com.example.todo.ModifyTaskUI
ADDED from src/main/AndroidManifest.xml:54:9-59:20
	android:screenOrientation
		ADDED from src/main/AndroidManifest.xml:57:13-49
	android:windowSoftInputMode
		ADDED from src/main/AndroidManifest.xml:58:13-65
	android:configChanges
		ADDED from src/main/AndroidManifest.xml:56:13-74
	android:name
		ADDED from src/main/AndroidManifest.xml:55:13-40